i03
~/bigdata/2020/Black_Yeasts_Illumina/assembly/N1.62466.bbmap ~/bigdata/2020/Black_Yeasts_Illumina/assembly
java -ea -Xmx24g -Xms24g -cp /opt/linux/centos/7.x/x86_64/pkgs/BBMap/38.60/current/ align2.BBMap build=1 overwrite=true fastareadlen=500 -Xmx24g ref=/bigdata/stajichlab/tkurb001/2020/Black_Yeasts_Illumina/assembly/genomes/Exophiala_xenobiotica.sorted.fasta in=/bigdata/stajichlab/tkurb001/2020/Black_Yeasts_Illumina/assembly/input/Exophiala_xenobiotica_1.fastq.gz in2=/bigdata/stajichlab/tkurb001/2020/Black_Yeasts_Illumina/assembly/input/Exophiala_xenobiotica_2.fastq.gz covstats=../mapping_report/Exophiala_xenobiotica.bbmap_covstats.txt statsfile=../mapping_report/Exophiala_xenobiotica.bbmap_summary.txt
Executing align2.BBMap [build=1, overwrite=true, fastareadlen=500, -Xmx24g, ref=/bigdata/stajichlab/tkurb001/2020/Black_Yeasts_Illumina/assembly/genomes/Exophiala_xenobiotica.sorted.fasta, in=/bigdata/stajichlab/tkurb001/2020/Black_Yeasts_Illumina/assembly/input/Exophiala_xenobiotica_1.fastq.gz, in2=/bigdata/stajichlab/tkurb001/2020/Black_Yeasts_Illumina/assembly/input/Exophiala_xenobiotica_2.fastq.gz, covstats=../mapping_report/Exophiala_xenobiotica.bbmap_covstats.txt, statsfile=../mapping_report/Exophiala_xenobiotica.bbmap_summary.txt]
Version 38.60

Retaining first best site only for ambiguous mappings.
No output file.
Writing reference.
Executing dna.FastaToChromArrays2 [/bigdata/stajichlab/tkurb001/2020/Black_Yeasts_Illumina/assembly/genomes/Exophiala_xenobiotica.sorted.fasta, 1, writeinthread=false, genscaffoldinfo=true, retain, waitforwriting=false, gz=true, maxlen=536670912, writechroms=true, minscaf=1, midpad=300, startpad=8000, stoppad=8000, nodisk=false]

Set genScaffoldInfo=true
Writing chunk 1
Set genome to 1

Loaded Reference:	0.021 seconds.
Loading index for chunk 1-1, build 1
No index available; generating from reference genome: /bigdata/stajichlab/tkurb001/2020/Black_Yeasts_Illumina/assembly/N1.62466.bbmap/ref/index/1/chr1_index_k13_c6_b1.block
Indexing threads started for block 0-1
Indexing threads finished for block 0-1
Generated Index:	8.900 seconds.
Analyzed Index:   	5.475 seconds.
Cleared Memory:    	0.661 seconds.
Processing reads in paired-ended mode.
Started read stream.
Started 24 mapping threads.
Detecting finished threads: 0, 1, 2, 3, 4, 5, 6, 7, 8, 9, 10, 11, 12, 13, 14, 15, 16, 17, 18, 19, 20, 21, 22, 23

   ------------------   Results   ------------------   

Genome:                	1
Key Length:            	13
Max Indel:             	16000
Minimum Score Ratio:  	0.56
Mapping Mode:         	normal

Reads:                               	18131556
Mapped reads:                        	17710784
Mapped bases:                        	2708200937
Ref scaffolds:                       	646
Ref bases:                           	30280774

Percent mapped:                      	97.679
Percent proper pairs:                	96.122
Average coverage:                    	89.436
Standard deviation:                    	51.421
Percent scaffolds with any coverage: 	100.00
Percent of reference bases covered:  	100.00

Total time:     	621.482 seconds.
~/bigdata/2020/Black_Yeasts_Illumina/assembly
