Loading busco/3.0.2
  Loading requirement: ncbi-blast/2.7.1+ hmmer/3.1b2 lp_solve/5.5 bamtools/2.4.0
    augustus/3.3
~/shared/projects/Black_yeasts/all_black_yeast_annotation/BUSCO ~/shared/projects/Black_yeasts/all_black_yeast_annotation
WARNING	An augustus species is mentioned in the config file, dataset default species (aspergillus_nidulans) will be ignored
INFO	****************** Start a BUSCO 3.0.2 analysis, current time: 06/17/2021 13:01:54 ******************
INFO	Configuration loaded from /opt/linux/centos/7.x/x86_64/pkgs/busco/3.0.2/config/config.ini
INFO	Init tools...
INFO	Check dependencies...
INFO	Check input file...
INFO	To reproduce this run: python /opt/linux/centos/7.x/x86_64/pkgs/busco/3.0.2/scripts/run_BUSCO.py -i /bigdata/stajichlab/shared/projects/Black_yeasts/all_black_yeast_annotation/Black_Yeast_Assembly/genomes/Exophiala_xenobiotica.sorted.fasta -o Exophiala_xenobiotica -l /bigdata/operations/pkgadmin/srv/projects/db/BUSCO/v9/ascomycota_odb9/ -m genome -c 4 --long -t /scratch/4149426_5/ -sp anidulans
INFO	Mode is: genome
INFO	The lineage dataset is: ascomycota_odb9 (eukaryota)
INFO	Temp directory is /scratch/4149426_5/
INFO	****** Phase 1 of 2, initial predictions ******
INFO	****** Step 1/3, current time: 06/17/2021 13:01:55 ******
INFO	Create blast database...
INFO	[makeblastdb]	Building a new DB, current time: 06/17/2021 13:01:55
INFO	[makeblastdb]	New DB name:   /scratch/4149426_5/Exophiala_xenobiotica_960400486
INFO	[makeblastdb]	New DB title:  /bigdata/stajichlab/shared/projects/Black_yeasts/all_black_yeast_annotation/Black_Yeast_Assembly/genomes/Exophiala_xenobiotica.sorted.fasta
INFO	[makeblastdb]	Sequence type: Nucleotide
INFO	[makeblastdb]	Keep Linkouts: T
INFO	[makeblastdb]	Keep MBits: T
INFO	[makeblastdb]	Maximum file size: 1000000000B
INFO	[makeblastdb]	Adding sequences from FASTA; added 646 sequences in 0.55861 seconds.
INFO	[makeblastdb]	1 of 1 task(s) completed at 06/17/2021 13:01:56
INFO	Running tblastn, writing output to /bigdata/stajichlab/shared/projects/Black_yeasts/all_black_yeast_annotation/BUSCO/run_Exophiala_xenobiotica/blast_output/tblastn_Exophiala_xenobiotica.tsv...
INFO	[tblastn]	1 of 1 task(s) completed at 06/17/2021 13:03:36
INFO	****** Step 2/3, current time: 06/17/2021 13:03:36 ******
INFO	Maximum number of candidate contig per BUSCO limited to: 3
INFO	Getting coordinates for candidate regions...
INFO	Pre-Augustus scaffold extraction...
INFO	Running Augustus prediction using anidulans as species:
INFO	[augustus]	Please find all logs related to Augustus errors here: /bigdata/stajichlab/shared/projects/Black_yeasts/all_black_yeast_annotation/BUSCO/run_Exophiala_xenobiotica/augustus_output/augustus.log
INFO	[augustus]	163 of 1624 task(s) completed at 06/17/2021 13:13:02
INFO	[augustus]	325 of 1624 task(s) completed at 06/17/2021 13:18:59
INFO	[augustus]	488 of 1624 task(s) completed at 06/17/2021 13:23:58
INFO	[augustus]	650 of 1624 task(s) completed at 06/17/2021 13:28:04
INFO	[augustus]	813 of 1624 task(s) completed at 06/17/2021 13:32:01
INFO	[augustus]	975 of 1624 task(s) completed at 06/17/2021 13:35:18
INFO	[augustus]	1137 of 1624 task(s) completed at 06/17/2021 13:38:18
INFO	[augustus]	1300 of 1624 task(s) completed at 06/17/2021 13:40:56
INFO	[augustus]	1462 of 1624 task(s) completed at 06/17/2021 13:43:06
INFO	[augustus]	1624 of 1624 task(s) completed at 06/17/2021 13:45:00
INFO	Extracting predicted proteins...
INFO	****** Step 3/3, current time: 06/17/2021 13:45:57 ******
INFO	Running HMMER to confirm orthology of predicted proteins:
INFO	[hmmsearch]	163 of 1623 task(s) completed at 06/17/2021 13:46:03
INFO	[hmmsearch]	325 of 1623 task(s) completed at 06/17/2021 13:46:07
INFO	[hmmsearch]	487 of 1623 task(s) completed at 06/17/2021 13:46:10
INFO	[hmmsearch]	650 of 1623 task(s) completed at 06/17/2021 13:46:13
INFO	[hmmsearch]	812 of 1623 task(s) completed at 06/17/2021 13:46:15
INFO	[hmmsearch]	974 of 1623 task(s) completed at 06/17/2021 13:46:17
INFO	[hmmsearch]	1137 of 1623 task(s) completed at 06/17/2021 13:46:19
INFO	[hmmsearch]	1299 of 1623 task(s) completed at 06/17/2021 13:46:21
INFO	[hmmsearch]	1461 of 1623 task(s) completed at 06/17/2021 13:46:23
INFO	[hmmsearch]	1623 of 1623 task(s) completed at 06/17/2021 13:46:25
INFO	Results:
INFO	C:96.9%[S:96.9%,D:0.0%],F:1.8%,M:1.3%,n:1315
INFO	1274 Complete BUSCOs (C)
INFO	1274 Complete and single-copy BUSCOs (S)
INFO	0 Complete and duplicated BUSCOs (D)
INFO	24 Fragmented BUSCOs (F)
INFO	17 Missing BUSCOs (M)
INFO	1315 Total BUSCO groups searched
INFO	****** Phase 2 of 2, predictions using species specific training ******
INFO	****** Step 1/3, current time: 06/17/2021 13:46:26 ******
INFO	Extracting missing and fragmented buscos from the ancestral_variants file...
INFO	Running tblastn, writing output to /bigdata/stajichlab/shared/projects/Black_yeasts/all_black_yeast_annotation/BUSCO/run_Exophiala_xenobiotica/blast_output/tblastn_Exophiala_xenobiotica_missing_and_frag_rerun.tsv...
INFO	[tblastn]	1 of 1 task(s) completed at 06/17/2021 13:46:45
INFO	Maximum number of candidate contig per BUSCO limited to: 3
INFO	Getting coordinates for candidate regions...
INFO	****** Step 2/3, current time: 06/17/2021 13:46:46 ******
INFO	Training Augustus using Single-Copy Complete BUSCOs:
INFO	Converting predicted genes to short genbank files at 06/17/2021 13:46:46...
INFO	All files converted to short genbank files, now running the training scripts at 06/17/2021 13:49:14...
WARNING	Optimizing augustus metaparameters, this may take a very long time, started at 06/17/2021 13:49:29
INFO	Pre-Augustus scaffold extraction...
INFO	Re-running Augustus with the new metaparameters, number of target BUSCOs: 41
INFO	[augustus]	5 of 46 task(s) completed at 06/19/2021 03:57:56
INFO	[augustus]	10 of 46 task(s) completed at 06/19/2021 03:57:58
INFO	[augustus]	14 of 46 task(s) completed at 06/19/2021 03:58:02
INFO	[augustus]	19 of 46 task(s) completed at 06/19/2021 03:58:09
INFO	[augustus]	23 of 46 task(s) completed at 06/19/2021 03:58:22
INFO	[augustus]	28 of 46 task(s) completed at 06/19/2021 03:58:29
INFO	[augustus]	33 of 46 task(s) completed at 06/19/2021 03:58:36
INFO	[augustus]	37 of 46 task(s) completed at 06/19/2021 03:58:38
INFO	[augustus]	42 of 46 task(s) completed at 06/19/2021 03:58:42
INFO	[augustus]	46 of 46 task(s) completed at 06/19/2021 03:58:43
INFO	Extracting predicted proteins...
INFO	****** Step 3/3, current time: 06/19/2021 03:58:44 ******
INFO	Running HMMER to confirm orthology of predicted proteins:
INFO	[hmmsearch]	5 of 45 task(s) completed at 06/19/2021 03:58:44
INFO	[hmmsearch]	14 of 45 task(s) completed at 06/19/2021 03:58:44
INFO	[hmmsearch]	18 of 45 task(s) completed at 06/19/2021 03:58:44
INFO	[hmmsearch]	23 of 45 task(s) completed at 06/19/2021 03:58:45
INFO	[hmmsearch]	27 of 45 task(s) completed at 06/19/2021 03:58:45
INFO	[hmmsearch]	32 of 45 task(s) completed at 06/19/2021 03:58:45
INFO	[hmmsearch]	36 of 45 task(s) completed at 06/19/2021 03:58:45
INFO	[hmmsearch]	41 of 45 task(s) completed at 06/19/2021 03:58:45
INFO	[hmmsearch]	45 of 45 task(s) completed at 06/19/2021 03:58:45
INFO	Results:
INFO	C:97.9%[S:97.9%,D:0.0%],F:1.7%,M:0.4%,n:1315
INFO	1287 Complete BUSCOs (C)
INFO	1287 Complete and single-copy BUSCOs (S)
INFO	0 Complete and duplicated BUSCOs (D)
INFO	22 Fragmented BUSCOs (F)
INFO	6 Missing BUSCOs (M)
INFO	1315 Total BUSCO groups searched
INFO	BUSCO analysis done with WARNING(s). Total running time: 140229.8072435856 seconds
INFO	Results written in /bigdata/stajichlab/shared/projects/Black_yeasts/all_black_yeast_annotation/BUSCO/run_Exophiala_xenobiotica/

~/shared/projects/Black_yeasts/all_black_yeast_annotation
